Arguments: 
  C:\Program Files\nodejs\node.exe C:\Users\ADMIN\AppData\Roaming\npm\node_modules\yarn\bin\yarn.js install

PATH: 
  C:\\wamp64\\bin\\php\\php7.4.33;C:\Python310\\python.exe;C:\Program Files\Git\cmd;C:\Ruby30-x64\bin;C:\Users\ADMIN\AppData\Local\Microsoft\WindowsApps;C:\Users\ADMIN\AppData\Local\Programs\Microsoft VS Code\bin;C:\Program Files\Java\jdk1.8.0_311\bin;C:\Program Files\Android\Android Studio\bin;C:\Program Files\Genymobile\Genymotion;C:\Users\ADMIN\AppData\Local\Android\Sdk\platform-tools;C:\Users\ADMIN\AppData\Local\Android\Sdk\tools;C:\Users\ADMIN\AppData\Local\Android\Sdk\tools\bin;C:\Users\ADMIN\AppData\Local\Programs\mongosh\;C:\Program Files\MongoDB\Server\5.0\bin;C:\Program Files\heroku\bin;C:\Users\ADMIN\AppData\Roaming\npm;C:\Users\ADMIN\AppData\Roaming\nvm;C:\Program Files\nodejs

Yarn version: 
  1.22.19

Node version: 
  16.16.0

Platform: 
  win32 x64

Trace: 
  Error: getaddrinfo ENOTFOUND registry.yarnpkg.com
      at GetAddrInfoReqWrap.onlookup [as oncomplete] (node:dns:71:26)

npm manifest: 
  {
  	"main": "node_modules/expo/AppEntry.js",
  	"scripts": {
  		"start": "expo start",
  		"android": "expo start --android",
  		"ios": "expo start --ios",
  		"web": "expo start --web"
  	},
  	"dependencies": {
  		"@awrminkhodaei/react-native-horizontal-datepicker": "^0.1.6",
  		"@react-native-async-storage/async-storage": "^1.18.1",
  		"@react-navigation/bottom-tabs": "^6.5.7",
  		"@react-navigation/native": "^6.1.4",
  		"@react-navigation/native-stack": "^6.9.10",
  		"@reduxjs/toolkit": "^1.9.2",
  		"deprecated-react-native-prop-types": "^4.0.0",
  		"expo": "~47.0.12",
  		"expo-auth-session": "^4.0.3",
  		"expo-location": "~15.0.1",
  		"expo-status-bar": "~1.4.2",
  		"firebase": "^9.15.0",
  		"lottie-react-native": "5.1.4",
  		"moment": "^2.29.4",
  		"moment-jalaali": "^0.9.6",
  		"react": "18.1.0",
  		"react-native": "0.70.8",
  		"react-native-image-slider-box": "^2.0.7",
  		"react-native-safe-area-context": "4.4.1",
  		"react-native-screens": "~3.18.0",
  		"react-redux": "^8.0.5"
  	},
  	"devDependencies": {
  		"@babel/core": "^7.12.9"
  	},
  	"private": true
  }

yarn manifest: 
  No manifest

Lockfile: 
  No lockfile
